<?xml version="1.0" encoding="UTF-8"?>
<testsuite xmlns:xsi="http://www.w3.org/2001/XMLSchema-instance" xsi:noNamespaceSchemaLocation="https://maven.apache.org/surefire/maven-surefire-plugin/xsd/surefire-test-report.xsd" name="org.unc.nc.CalculUtilsTest" time="0" tests="6" errors="0" skipped="0" failures="0">
  <properties>
    <property name="sun.desktop" value="windows"/>
    <property name="awt.toolkit" value="sun.awt.windows.WToolkit"/>
    <property name="java.specification.version" value="11"/>
    <property name="sun.cpu.isalist" value="amd64"/>
    <property name="sun.jnu.encoding" value="Cp1252"/>
    <property name="java.class.path" value="C:\Users\Ewen CLEMENT\Documents\MASTER MIAGE\Ingénierie Logiciel (génie logiciel)\Activités Génie Logiciel\Activité 2\activite-deux\target\test-classes;C:\Users\Ewen CLEMENT\Documents\MASTER MIAGE\Ingénierie Logiciel (génie logiciel)\Activités Génie Logiciel\Activité 2\activite-deux\target\classes;C:\Users\Ewen CLEMENT\.m2\repository\org\junit\jupiter\junit-jupiter-api\5.8.1\junit-jupiter-api-5.8.1.jar;C:\Users\Ewen CLEMENT\.m2\repository\org\opentest4j\opentest4j\1.2.0\opentest4j-1.2.0.jar;C:\Users\Ewen CLEMENT\.m2\repository\org\junit\platform\junit-platform-commons\1.8.1\junit-platform-commons-1.8.1.jar;C:\Users\Ewen CLEMENT\.m2\repository\org\apiguardian\apiguardian-api\1.1.2\apiguardian-api-1.1.2.jar;C:\Users\Ewen CLEMENT\.m2\repository\org\junit\jupiter\junit-jupiter-engine\5.8.1\junit-jupiter-engine-5.8.1.jar;C:\Users\Ewen CLEMENT\.m2\repository\org\junit\platform\junit-platform-engine\1.8.1\junit-platform-engine-1.8.1.jar;C:\Users\Ewen CLEMENT\.m2\repository\org\apache\maven\plugins\maven-checkstyle-plugin\3.1.2\maven-checkstyle-plugin-3.1.2.jar;C:\Users\Ewen CLEMENT\.m2\repository\org\apache\maven\maven-artifact\3.0\maven-artifact-3.0.jar;C:\Users\Ewen CLEMENT\.m2\repository\org\apache\maven\maven-core\3.0\maven-core-3.0.jar;C:\Users\Ewen CLEMENT\.m2\repository\org\apache\maven\maven-settings-builder\3.0\maven-settings-builder-3.0.jar;C:\Users\Ewen CLEMENT\.m2\repository\org\apache\maven\maven-repository-metadata\3.0\maven-repository-metadata-3.0.jar;C:\Users\Ewen CLEMENT\.m2\repository\org\apache\maven\maven-model-builder\3.0\maven-model-builder-3.0.jar;C:\Users\Ewen CLEMENT\.m2\repository\org\apache\maven\maven-aether-provider\3.0\maven-aether-provider-3.0.jar;C:\Users\Ewen CLEMENT\.m2\repository\org\sonatype\aether\aether-impl\1.7\aether-impl-1.7.jar;C:\Users\Ewen CLEMENT\.m2\repository\org\sonatype\aether\aether-spi\1.7\aether-spi-1.7.jar;C:\Users\Ewen CLEMENT\.m2\repository\org\sonatype\aether\aether-api\1.7\aether-api-1.7.jar;C:\Users\Ewen CLEMENT\.m2\repository\org\sonatype\aether\aether-util\1.7\aether-util-1.7.jar;C:\Users\Ewen CLEMENT\.m2\repository\org\sonatype\sisu\sisu-inject-plexus\1.4.2\sisu-inject-plexus-1.4.2.jar;C:\Users\Ewen CLEMENT\.m2\repository\org\sonatype\sisu\sisu-inject-bean\1.4.2\sisu-inject-bean-1.4.2.jar;C:\Users\Ewen CLEMENT\.m2\repository\org\sonatype\sisu\sisu-guice\2.1.7\sisu-guice-2.1.7-noaop.jar;C:\Users\Ewen CLEMENT\.m2\repository\org\codehaus\plexus\plexus-classworlds\2.2.3\plexus-classworlds-2.2.3.jar;C:\Users\Ewen CLEMENT\.m2\repository\org\sonatype\plexus\plexus-sec-dispatcher\1.3\plexus-sec-dispatcher-1.3.jar;C:\Users\Ewen CLEMENT\.m2\repository\org\sonatype\plexus\plexus-cipher\1.4\plexus-cipher-1.4.jar;C:\Users\Ewen CLEMENT\.m2\repository\org\apache\maven\maven-model\3.0\maven-model-3.0.jar;C:\Users\Ewen CLEMENT\.m2\repository\org\apache\maven\maven-plugin-api\3.0\maven-plugin-api-3.0.jar;C:\Users\Ewen CLEMENT\.m2\repository\org\apache\maven\reporting\maven-reporting-api\3.0\maven-reporting-api-3.0.jar;C:\Users\Ewen CLEMENT\.m2\repository\org\apache\maven\reporting\maven-reporting-impl\2.3\maven-reporting-impl-2.3.jar;C:\Users\Ewen CLEMENT\.m2\repository\commons-validator\commons-validator\1.3.1\commons-validator-1.3.1.jar;C:\Users\Ewen CLEMENT\.m2\repository\org\apache\maven\doxia\doxia-sink-api\1.4\doxia-sink-api-1.4.jar;C:\Users\Ewen CLEMENT\.m2\repository\org\apache\maven\doxia\doxia-logging-api\1.4\doxia-logging-api-1.4.jar;C:\Users\Ewen CLEMENT\.m2\repository\org\apache\maven\doxia\doxia-decoration-model\1.4\doxia-decoration-model-1.4.jar;C:\Users\Ewen CLEMENT\.m2\repository\org\apache\maven\doxia\doxia-site-renderer\1.4\doxia-site-renderer-1.4.jar;C:\Users\Ewen CLEMENT\.m2\repository\org\apache\maven\doxia\doxia-module-xhtml\1.4\doxia-module-xhtml-1.4.jar;C:\Users\Ewen CLEMENT\.m2\repository\org\apache\maven\doxia\doxia-module-fml\1.4\doxia-module-fml-1.4.jar;C:\Users\Ewen CLEMENT\.m2\repository\org\codehaus\plexus\plexus-i18n\1.0-beta-7\plexus-i18n-1.0-beta-7.jar;C:\Users\Ewen CLEMENT\.m2\repository\org\apache\velocity\velocity-tools\2.0\velocity-tools-2.0.jar;C:\Users\Ewen CLEMENT\.m2\repository\dom4j\dom4j\1.1\dom4j-1.1.jar;C:\Users\Ewen CLEMENT\.m2\repository\oro\oro\2.0.8\oro-2.0.8.jar;C:\Users\Ewen CLEMENT\.m2\repository\sslext\sslext\1.2-0\sslext-1.2-0.jar;C:\Users\Ewen CLEMENT\.m2\repository\org\apache\struts\struts-core\1.3.8\struts-core-1.3.8.jar;C:\Users\Ewen CLEMENT\.m2\repository\org\apache\struts\struts-taglib\1.3.8\struts-taglib-1.3.8.jar;C:\Users\Ewen CLEMENT\.m2\repository\org\apache\struts\struts-tiles\1.3.8\struts-tiles-1.3.8.jar;C:\Users\Ewen CLEMENT\.m2\repository\org\apache\maven\doxia\doxia-integration-tools\1.6\doxia-integration-tools-1.6.jar;C:\Users\Ewen CLEMENT\.m2\repository\org\codehaus\plexus\plexus-component-annotations\2.0.0\plexus-component-annotations-2.0.0.jar;C:\Users\Ewen CLEMENT\.m2\repository\org\codehaus\plexus\plexus-resources\1.1.0\plexus-resources-1.1.0.jar;C:\Users\Ewen CLEMENT\.m2\repository\org\codehaus\plexus\plexus-utils\3.3.0\plexus-utils-3.3.0.jar;C:\Users\Ewen CLEMENT\.m2\repository\org\codehaus\plexus\plexus-interpolation\1.26\plexus-interpolation-1.26.jar;C:\Users\Ewen CLEMENT\.m2\repository\org\codehaus\plexus\plexus-velocity\1.2\plexus-velocity-1.2.jar;C:\Users\Ewen CLEMENT\.m2\repository\com\puppycrawl\tools\checkstyle\8.29\checkstyle-8.29.jar;C:\Users\Ewen CLEMENT\.m2\repository\info\picocli\picocli\4.1.4\picocli-4.1.4.jar;C:\Users\Ewen CLEMENT\.m2\repository\antlr\antlr\2.7.7\antlr-2.7.7.jar;C:\Users\Ewen CLEMENT\.m2\repository\org\antlr\antlr4-runtime\4.8-1\antlr4-runtime-4.8-1.jar;C:\Users\Ewen CLEMENT\.m2\repository\com\google\guava\guava\28.2-jre\guava-28.2-jre.jar;C:\Users\Ewen CLEMENT\.m2\repository\com\google\guava\failureaccess\1.0.1\failureaccess-1.0.1.jar;C:\Users\Ewen CLEMENT\.m2\repository\com\google\guava\listenablefuture\9999.0-empty-to-avoid-conflict-with-guava\listenablefuture-9999.0-empty-to-avoid-conflict-with-guava.jar;C:\Users\Ewen CLEMENT\.m2\repository\com\google\code\findbugs\jsr305\3.0.2\jsr305-3.0.2.jar;C:\Users\Ewen CLEMENT\.m2\repository\org\checkerframework\checker-qual\2.10.0\checker-qual-2.10.0.jar;C:\Users\Ewen CLEMENT\.m2\repository\com\google\errorprone\error_prone_annotations\2.3.4\error_prone_annotations-2.3.4.jar;C:\Users\Ewen CLEMENT\.m2\repository\com\google\j2objc\j2objc-annotations\1.3\j2objc-annotations-1.3.jar;C:\Users\Ewen CLEMENT\.m2\repository\net\sf\saxon\Saxon-HE\9.9.1-6\Saxon-HE-9.9.1-6.jar;C:\Users\Ewen CLEMENT\.m2\repository\org\apache\velocity\velocity\1.7\velocity-1.7.jar;C:\Users\Ewen CLEMENT\.m2\repository\javax\xml\bind\jaxb-api\2.3.1\jaxb-api-2.3.1.jar;C:\Users\Ewen CLEMENT\.m2\repository\javax\activation\javax.activation-api\1.2.0\javax.activation-api-1.2.0.jar;C:\Users\Ewen CLEMENT\.m2\repository\com\github\spotbugs\spotbugs\4.4.2\spotbugs-4.4.2.jar;C:\Users\Ewen CLEMENT\.m2\repository\org\apache\bcel\bcel\6.5.0\bcel-6.5.0.jar;C:\Users\Ewen CLEMENT\.m2\repository\net\jcip\jcip-annotations\1.0\jcip-annotations-1.0.jar;C:\Users\Ewen CLEMENT\.m2\repository\org\dom4j\dom4j\2.1.3\dom4j-2.1.3.jar;C:\Users\Ewen CLEMENT\.m2\repository\com\github\spotbugs\spotbugs-annotations\4.4.2\spotbugs-annotations-4.4.2.jar;C:\Users\Ewen CLEMENT\.m2\repository\com\google\code\gson\gson\2.8.8\gson-2.8.8.jar;C:\Users\Ewen CLEMENT\.m2\repository\jaxen\jaxen\1.2.0\jaxen-1.2.0.jar;C:\Users\Ewen CLEMENT\.m2\repository\org\slf4j\jcl-over-slf4j\2.0.0-alpha5\jcl-over-slf4j-2.0.0-alpha5.jar;C:\Users\Ewen CLEMENT\.m2\repository\org\slf4j\slf4j-simple\2.0.0-alpha5\slf4j-simple-2.0.0-alpha5.jar;C:\Users\Ewen CLEMENT\.m2\repository\org\apache\ant\ant\1.10.12\ant-1.10.12.jar;C:\Users\Ewen CLEMENT\.m2\repository\org\apache\ant\ant-launcher\1.10.12\ant-launcher-1.10.12.jar;C:\Users\Ewen CLEMENT\.m2\repository\org\codehaus\groovy\groovy\3.0.9\groovy-3.0.9-indy.jar;C:\Users\Ewen CLEMENT\.m2\repository\org\codehaus\groovy\groovy-ant\3.0.9\groovy-ant-3.0.9-indy.jar;C:\Users\Ewen CLEMENT\.m2\repository\org\codehaus\groovy\groovy-dateutil\3.0.9\groovy-dateutil-3.0.9-indy.jar;C:\Users\Ewen CLEMENT\.m2\repository\org\codehaus\groovy\groovy-docgenerator\3.0.9\groovy-docgenerator-3.0.9-indy.jar;C:\Users\Ewen CLEMENT\.m2\repository\org\codehaus\groovy\groovy-groovydoc\3.0.9\groovy-groovydoc-3.0.9-indy.jar;C:\Users\Ewen CLEMENT\.m2\repository\com\github\javaparser\javaparser-core\3.23.0\javaparser-core-3.23.0.jar;C:\Users\Ewen CLEMENT\.m2\repository\org\codehaus\groovy\groovy-templates\3.0.9\groovy-templates-3.0.9-indy.jar;C:\Users\Ewen CLEMENT\.m2\repository\org\codehaus\groovy\groovy-xml\3.0.9\groovy-xml-3.0.9-indy.jar;C:\Users\Ewen CLEMENT\.m2\repository\org\codehaus\groovy\groovy-json\3.0.9\groovy-json-3.0.9-indy.jar;C:\Users\Ewen CLEMENT\.m2\repository\org\apache\maven\shared\maven-artifact-transfer\0.13.1\maven-artifact-transfer-0.13.1.jar;C:\Users\Ewen CLEMENT\.m2\repository\org\apache\maven\shared\maven-common-artifact-filters\3.2.0\maven-common-artifact-filters-3.2.0.jar;C:\Users\Ewen CLEMENT\.m2\repository\org\eclipse\aether\aether-api\0.9.0.M2\aether-api-0.9.0.M2.jar;C:\Users\Ewen CLEMENT\.m2\repository\org\eclipse\aether\aether-util\0.9.0.M2\aether-util-0.9.0.M2.jar;C:\Users\Ewen CLEMENT\.m2\repository\org\eclipse\sisu\org.eclipse.sisu.plexus\0.0.0.M5\org.eclipse.sisu.plexus-0.0.0.M5.jar;C:\Users\Ewen CLEMENT\.m2\repository\javax\enterprise\cdi-api\1.0\cdi-api-1.0.jar;C:\Users\Ewen CLEMENT\.m2\repository\javax\annotation\jsr250-api\1.0\jsr250-api-1.0.jar;C:\Users\Ewen CLEMENT\.m2\repository\org\sonatype\sisu\sisu-guice\3.1.0\sisu-guice-3.1.0-no_aop.jar;C:\Users\Ewen CLEMENT\.m2\repository\aopalliance\aopalliance\1.0\aopalliance-1.0.jar;C:\Users\Ewen CLEMENT\.m2\repository\org\eclipse\sisu\org.eclipse.sisu.inject\0.0.0.M5\org.eclipse.sisu.inject-0.0.0.M5.jar;C:\Users\Ewen CLEMENT\.m2\repository\org\apache\maven\shared\maven-shared-utils\3.3.4\maven-shared-utils-3.3.4.jar;C:\Users\Ewen CLEMENT\.m2\repository\org\apache\maven\doxia\doxia-core\1.10\doxia-core-1.10.jar;C:\Users\Ewen CLEMENT\.m2\repository\commons-beanutils\commons-beanutils\1.9.4\commons-beanutils-1.9.4.jar;C:\Users\Ewen CLEMENT\.m2\repository\commons-chain\commons-chain\1.2\commons-chain-1.2.jar;C:\Users\Ewen CLEMENT\.m2\repository\commons-codec\commons-codec\1.15\commons-codec-1.15.jar;C:\Users\Ewen CLEMENT\.m2\repository\commons-collections\commons-collections\3.2.2\commons-collections-3.2.2.jar;C:\Users\Ewen CLEMENT\.m2\repository\commons-digester\commons-digester\2.1\commons-digester-2.1.jar;C:\Users\Ewen CLEMENT\.m2\repository\commons-io\commons-io\2.11.0\commons-io-2.11.0.jar;C:\Users\Ewen CLEMENT\.m2\repository\commons-lang\commons-lang\2.6\commons-lang-2.6.jar;C:\Users\Ewen CLEMENT\.m2\repository\org\apache\commons\commons-lang3\3.12.0\commons-lang3-3.12.0.jar;C:\Users\Ewen CLEMENT\.m2\repository\org\codehaus\plexus\plexus-container-default\2.1.0\plexus-container-default-2.1.0.jar;C:\Users\Ewen CLEMENT\.m2\repository\org\apache\xbean\xbean-reflect\3.7\xbean-reflect-3.7.jar;C:\Users\Ewen CLEMENT\.m2\repository\org\slf4j\slf4j-api\2.0.0-alpha5\slf4j-api-2.0.0-alpha5.jar;C:\Users\Ewen CLEMENT\.m2\repository\org\ow2\asm\asm\9.2\asm-9.2.jar;C:\Users\Ewen CLEMENT\.m2\repository\org\ow2\asm\asm-analysis\9.2\asm-analysis-9.2.jar;C:\Users\Ewen CLEMENT\.m2\repository\org\ow2\asm\asm-commons\9.2\asm-commons-9.2.jar;C:\Users\Ewen CLEMENT\.m2\repository\org\ow2\asm\asm-tree\9.2\asm-tree-9.2.jar;C:\Users\Ewen CLEMENT\.m2\repository\org\ow2\asm\asm-util\9.2\asm-util-9.2.jar;C:\Users\Ewen CLEMENT\.m2\repository\org\apache\maven\plugins\maven-javadoc-plugin\3.3.1\maven-javadoc-plugin-3.3.1.jar;C:\Users\Ewen CLEMENT\.m2\repository\org\apache\maven\maven-settings\3.0\maven-settings-3.0.jar;C:\Users\Ewen CLEMENT\.m2\repository\org\apache\maven\maven-archiver\3.5.1\maven-archiver-3.5.1.jar;C:\Users\Ewen CLEMENT\.m2\repository\org\apache\maven\shared\maven-invoker\3.1.0\maven-invoker-3.1.0.jar;C:\Users\Ewen CLEMENT\.m2\repository\javax\inject\javax.inject\1\javax.inject-1.jar;C:\Users\Ewen CLEMENT\.m2\repository\org\apache\maven\wagon\wagon-provider-api\2.4\wagon-provider-api-2.4.jar;C:\Users\Ewen CLEMENT\.m2\repository\org\apache\commons\commons-text\1.9\commons-text-1.9.jar;C:\Users\Ewen CLEMENT\.m2\repository\org\apache\httpcomponents\httpclient\4.5.13\httpclient-4.5.13.jar;C:\Users\Ewen CLEMENT\.m2\repository\commons-logging\commons-logging\1.2\commons-logging-1.2.jar;C:\Users\Ewen CLEMENT\.m2\repository\org\apache\httpcomponents\httpcore\4.4.14\httpcore-4.4.14.jar;C:\Users\Ewen CLEMENT\.m2\repository\com\thoughtworks\qdox\qdox\2.0.0\qdox-2.0.0.jar;C:\Users\Ewen CLEMENT\.m2\repository\org\codehaus\plexus\plexus-java\1.1.0\plexus-java-1.1.0.jar;C:\Users\Ewen CLEMENT\.m2\repository\org\codehaus\plexus\plexus-archiver\4.2.5\plexus-archiver-4.2.5.jar;C:\Users\Ewen CLEMENT\.m2\repository\org\apache\commons\commons-compress\1.20\commons-compress-1.20.jar;C:\Users\Ewen CLEMENT\.m2\repository\org\iq80\snappy\snappy\0.4\snappy-0.4.jar;C:\Users\Ewen CLEMENT\.m2\repository\org\tukaani\xz\1.9\xz-1.9.jar;C:\Users\Ewen CLEMENT\.m2\repository\org\codehaus\plexus\plexus-io\3.2.0\plexus-io-3.2.0.jar;C:\Users\Ewen CLEMENT\.m2\repository\org\codehaus\plexus\plexus-interactivity-api\1.0\plexus-interactivity-api-1.0.jar;"/>
    <property name="java.vm.vendor" value="AdoptOpenJDK"/>
    <property name="sun.arch.data.model" value="64"/>
    <property name="user.variant" value=""/>
    <property name="java.vendor.url" value="https://adoptopenjdk.net/"/>
    <property name="user.timezone" value="Pacific/Guadalcanal"/>
    <property name="java.vm.specification.version" value="11"/>
    <property name="os.name" value="Windows 10"/>
    <property name="sun.java.launcher" value="SUN_STANDARD"/>
    <property name="user.country" value="FR"/>
    <property name="sun.boot.library.path" value="C:\Program Files\AdoptOpenJDK\jdk-11.0.11.9-hotspot\bin"/>
    <property name="sun.java.command" value="C:\Users\Ewen CLEMENT\AppData\Local\Temp\surefire4394712070572124042\surefirebooter13355561647004528442.jar C:\Users\Ewen CLEMENT\AppData\Local\Temp\surefire4394712070572124042 2021-11-28T14-05-56_910-jvmRun1 surefire10501503045076793446tmp surefire_016571248601696393149tmp"/>
    <property name="jdk.debug" value="release"/>
    <property name="surefire.test.class.path" value="C:\Users\Ewen CLEMENT\Documents\MASTER MIAGE\Ingénierie Logiciel (génie logiciel)\Activités Génie Logiciel\Activité 2\activite-deux\target\test-classes;C:\Users\Ewen CLEMENT\Documents\MASTER MIAGE\Ingénierie Logiciel (génie logiciel)\Activités Génie Logiciel\Activité 2\activite-deux\target\classes;C:\Users\Ewen CLEMENT\.m2\repository\org\junit\jupiter\junit-jupiter-api\5.8.1\junit-jupiter-api-5.8.1.jar;C:\Users\Ewen CLEMENT\.m2\repository\org\opentest4j\opentest4j\1.2.0\opentest4j-1.2.0.jar;C:\Users\Ewen CLEMENT\.m2\repository\org\junit\platform\junit-platform-commons\1.8.1\junit-platform-commons-1.8.1.jar;C:\Users\Ewen CLEMENT\.m2\repository\org\apiguardian\apiguardian-api\1.1.2\apiguardian-api-1.1.2.jar;C:\Users\Ewen CLEMENT\.m2\repository\org\junit\jupiter\junit-jupiter-engine\5.8.1\junit-jupiter-engine-5.8.1.jar;C:\Users\Ewen CLEMENT\.m2\repository\org\junit\platform\junit-platform-engine\1.8.1\junit-platform-engine-1.8.1.jar;C:\Users\Ewen CLEMENT\.m2\repository\org\apache\maven\plugins\maven-checkstyle-plugin\3.1.2\maven-checkstyle-plugin-3.1.2.jar;C:\Users\Ewen CLEMENT\.m2\repository\org\apache\maven\maven-artifact\3.0\maven-artifact-3.0.jar;C:\Users\Ewen CLEMENT\.m2\repository\org\apache\maven\maven-core\3.0\maven-core-3.0.jar;C:\Users\Ewen CLEMENT\.m2\repository\org\apache\maven\maven-settings-builder\3.0\maven-settings-builder-3.0.jar;C:\Users\Ewen CLEMENT\.m2\repository\org\apache\maven\maven-repository-metadata\3.0\maven-repository-metadata-3.0.jar;C:\Users\Ewen CLEMENT\.m2\repository\org\apache\maven\maven-model-builder\3.0\maven-model-builder-3.0.jar;C:\Users\Ewen CLEMENT\.m2\repository\org\apache\maven\maven-aether-provider\3.0\maven-aether-provider-3.0.jar;C:\Users\Ewen CLEMENT\.m2\repository\org\sonatype\aether\aether-impl\1.7\aether-impl-1.7.jar;C:\Users\Ewen CLEMENT\.m2\repository\org\sonatype\aether\aether-spi\1.7\aether-spi-1.7.jar;C:\Users\Ewen CLEMENT\.m2\repository\org\sonatype\aether\aether-api\1.7\aether-api-1.7.jar;C:\Users\Ewen CLEMENT\.m2\repository\org\sonatype\aether\aether-util\1.7\aether-util-1.7.jar;C:\Users\Ewen CLEMENT\.m2\repository\org\sonatype\sisu\sisu-inject-plexus\1.4.2\sisu-inject-plexus-1.4.2.jar;C:\Users\Ewen CLEMENT\.m2\repository\org\sonatype\sisu\sisu-inject-bean\1.4.2\sisu-inject-bean-1.4.2.jar;C:\Users\Ewen CLEMENT\.m2\repository\org\sonatype\sisu\sisu-guice\2.1.7\sisu-guice-2.1.7-noaop.jar;C:\Users\Ewen CLEMENT\.m2\repository\org\codehaus\plexus\plexus-classworlds\2.2.3\plexus-classworlds-2.2.3.jar;C:\Users\Ewen CLEMENT\.m2\repository\org\sonatype\plexus\plexus-sec-dispatcher\1.3\plexus-sec-dispatcher-1.3.jar;C:\Users\Ewen CLEMENT\.m2\repository\org\sonatype\plexus\plexus-cipher\1.4\plexus-cipher-1.4.jar;C:\Users\Ewen CLEMENT\.m2\repository\org\apache\maven\maven-model\3.0\maven-model-3.0.jar;C:\Users\Ewen CLEMENT\.m2\repository\org\apache\maven\maven-plugin-api\3.0\maven-plugin-api-3.0.jar;C:\Users\Ewen CLEMENT\.m2\repository\org\apache\maven\reporting\maven-reporting-api\3.0\maven-reporting-api-3.0.jar;C:\Users\Ewen CLEMENT\.m2\repository\org\apache\maven\reporting\maven-reporting-impl\2.3\maven-reporting-impl-2.3.jar;C:\Users\Ewen CLEMENT\.m2\repository\commons-validator\commons-validator\1.3.1\commons-validator-1.3.1.jar;C:\Users\Ewen CLEMENT\.m2\repository\org\apache\maven\doxia\doxia-sink-api\1.4\doxia-sink-api-1.4.jar;C:\Users\Ewen CLEMENT\.m2\repository\org\apache\maven\doxia\doxia-logging-api\1.4\doxia-logging-api-1.4.jar;C:\Users\Ewen CLEMENT\.m2\repository\org\apache\maven\doxia\doxia-decoration-model\1.4\doxia-decoration-model-1.4.jar;C:\Users\Ewen CLEMENT\.m2\repository\org\apache\maven\doxia\doxia-site-renderer\1.4\doxia-site-renderer-1.4.jar;C:\Users\Ewen CLEMENT\.m2\repository\org\apache\maven\doxia\doxia-module-xhtml\1.4\doxia-module-xhtml-1.4.jar;C:\Users\Ewen CLEMENT\.m2\repository\org\apache\maven\doxia\doxia-module-fml\1.4\doxia-module-fml-1.4.jar;C:\Users\Ewen CLEMENT\.m2\repository\org\codehaus\plexus\plexus-i18n\1.0-beta-7\plexus-i18n-1.0-beta-7.jar;C:\Users\Ewen CLEMENT\.m2\repository\org\apache\velocity\velocity-tools\2.0\velocity-tools-2.0.jar;C:\Users\Ewen CLEMENT\.m2\repository\dom4j\dom4j\1.1\dom4j-1.1.jar;C:\Users\Ewen CLEMENT\.m2\repository\oro\oro\2.0.8\oro-2.0.8.jar;C:\Users\Ewen CLEMENT\.m2\repository\sslext\sslext\1.2-0\sslext-1.2-0.jar;C:\Users\Ewen CLEMENT\.m2\repository\org\apache\struts\struts-core\1.3.8\struts-core-1.3.8.jar;C:\Users\Ewen CLEMENT\.m2\repository\org\apache\struts\struts-taglib\1.3.8\struts-taglib-1.3.8.jar;C:\Users\Ewen CLEMENT\.m2\repository\org\apache\struts\struts-tiles\1.3.8\struts-tiles-1.3.8.jar;C:\Users\Ewen CLEMENT\.m2\repository\org\apache\maven\doxia\doxia-integration-tools\1.6\doxia-integration-tools-1.6.jar;C:\Users\Ewen CLEMENT\.m2\repository\org\codehaus\plexus\plexus-component-annotations\2.0.0\plexus-component-annotations-2.0.0.jar;C:\Users\Ewen CLEMENT\.m2\repository\org\codehaus\plexus\plexus-resources\1.1.0\plexus-resources-1.1.0.jar;C:\Users\Ewen CLEMENT\.m2\repository\org\codehaus\plexus\plexus-utils\3.3.0\plexus-utils-3.3.0.jar;C:\Users\Ewen CLEMENT\.m2\repository\org\codehaus\plexus\plexus-interpolation\1.26\plexus-interpolation-1.26.jar;C:\Users\Ewen CLEMENT\.m2\repository\org\codehaus\plexus\plexus-velocity\1.2\plexus-velocity-1.2.jar;C:\Users\Ewen CLEMENT\.m2\repository\com\puppycrawl\tools\checkstyle\8.29\checkstyle-8.29.jar;C:\Users\Ewen CLEMENT\.m2\repository\info\picocli\picocli\4.1.4\picocli-4.1.4.jar;C:\Users\Ewen CLEMENT\.m2\repository\antlr\antlr\2.7.7\antlr-2.7.7.jar;C:\Users\Ewen CLEMENT\.m2\repository\org\antlr\antlr4-runtime\4.8-1\antlr4-runtime-4.8-1.jar;C:\Users\Ewen CLEMENT\.m2\repository\com\google\guava\guava\28.2-jre\guava-28.2-jre.jar;C:\Users\Ewen CLEMENT\.m2\repository\com\google\guava\failureaccess\1.0.1\failureaccess-1.0.1.jar;C:\Users\Ewen CLEMENT\.m2\repository\com\google\guava\listenablefuture\9999.0-empty-to-avoid-conflict-with-guava\listenablefuture-9999.0-empty-to-avoid-conflict-with-guava.jar;C:\Users\Ewen CLEMENT\.m2\repository\com\google\code\findbugs\jsr305\3.0.2\jsr305-3.0.2.jar;C:\Users\Ewen CLEMENT\.m2\repository\org\checkerframework\checker-qual\2.10.0\checker-qual-2.10.0.jar;C:\Users\Ewen CLEMENT\.m2\repository\com\google\errorprone\error_prone_annotations\2.3.4\error_prone_annotations-2.3.4.jar;C:\Users\Ewen CLEMENT\.m2\repository\com\google\j2objc\j2objc-annotations\1.3\j2objc-annotations-1.3.jar;C:\Users\Ewen CLEMENT\.m2\repository\net\sf\saxon\Saxon-HE\9.9.1-6\Saxon-HE-9.9.1-6.jar;C:\Users\Ewen CLEMENT\.m2\repository\org\apache\velocity\velocity\1.7\velocity-1.7.jar;C:\Users\Ewen CLEMENT\.m2\repository\javax\xml\bind\jaxb-api\2.3.1\jaxb-api-2.3.1.jar;C:\Users\Ewen CLEMENT\.m2\repository\javax\activation\javax.activation-api\1.2.0\javax.activation-api-1.2.0.jar;C:\Users\Ewen CLEMENT\.m2\repository\com\github\spotbugs\spotbugs\4.4.2\spotbugs-4.4.2.jar;C:\Users\Ewen CLEMENT\.m2\repository\org\apache\bcel\bcel\6.5.0\bcel-6.5.0.jar;C:\Users\Ewen CLEMENT\.m2\repository\net\jcip\jcip-annotations\1.0\jcip-annotations-1.0.jar;C:\Users\Ewen CLEMENT\.m2\repository\org\dom4j\dom4j\2.1.3\dom4j-2.1.3.jar;C:\Users\Ewen CLEMENT\.m2\repository\com\github\spotbugs\spotbugs-annotations\4.4.2\spotbugs-annotations-4.4.2.jar;C:\Users\Ewen CLEMENT\.m2\repository\com\google\code\gson\gson\2.8.8\gson-2.8.8.jar;C:\Users\Ewen CLEMENT\.m2\repository\jaxen\jaxen\1.2.0\jaxen-1.2.0.jar;C:\Users\Ewen CLEMENT\.m2\repository\org\slf4j\jcl-over-slf4j\2.0.0-alpha5\jcl-over-slf4j-2.0.0-alpha5.jar;C:\Users\Ewen CLEMENT\.m2\repository\org\slf4j\slf4j-simple\2.0.0-alpha5\slf4j-simple-2.0.0-alpha5.jar;C:\Users\Ewen CLEMENT\.m2\repository\org\apache\ant\ant\1.10.12\ant-1.10.12.jar;C:\Users\Ewen CLEMENT\.m2\repository\org\apache\ant\ant-launcher\1.10.12\ant-launcher-1.10.12.jar;C:\Users\Ewen CLEMENT\.m2\repository\org\codehaus\groovy\groovy\3.0.9\groovy-3.0.9-indy.jar;C:\Users\Ewen CLEMENT\.m2\repository\org\codehaus\groovy\groovy-ant\3.0.9\groovy-ant-3.0.9-indy.jar;C:\Users\Ewen CLEMENT\.m2\repository\org\codehaus\groovy\groovy-dateutil\3.0.9\groovy-dateutil-3.0.9-indy.jar;C:\Users\Ewen CLEMENT\.m2\repository\org\codehaus\groovy\groovy-docgenerator\3.0.9\groovy-docgenerator-3.0.9-indy.jar;C:\Users\Ewen CLEMENT\.m2\repository\org\codehaus\groovy\groovy-groovydoc\3.0.9\groovy-groovydoc-3.0.9-indy.jar;C:\Users\Ewen CLEMENT\.m2\repository\com\github\javaparser\javaparser-core\3.23.0\javaparser-core-3.23.0.jar;C:\Users\Ewen CLEMENT\.m2\repository\org\codehaus\groovy\groovy-templates\3.0.9\groovy-templates-3.0.9-indy.jar;C:\Users\Ewen CLEMENT\.m2\repository\org\codehaus\groovy\groovy-xml\3.0.9\groovy-xml-3.0.9-indy.jar;C:\Users\Ewen CLEMENT\.m2\repository\org\codehaus\groovy\groovy-json\3.0.9\groovy-json-3.0.9-indy.jar;C:\Users\Ewen CLEMENT\.m2\repository\org\apache\maven\shared\maven-artifact-transfer\0.13.1\maven-artifact-transfer-0.13.1.jar;C:\Users\Ewen CLEMENT\.m2\repository\org\apache\maven\shared\maven-common-artifact-filters\3.2.0\maven-common-artifact-filters-3.2.0.jar;C:\Users\Ewen CLEMENT\.m2\repository\org\eclipse\aether\aether-api\0.9.0.M2\aether-api-0.9.0.M2.jar;C:\Users\Ewen CLEMENT\.m2\repository\org\eclipse\aether\aether-util\0.9.0.M2\aether-util-0.9.0.M2.jar;C:\Users\Ewen CLEMENT\.m2\repository\org\eclipse\sisu\org.eclipse.sisu.plexus\0.0.0.M5\org.eclipse.sisu.plexus-0.0.0.M5.jar;C:\Users\Ewen CLEMENT\.m2\repository\javax\enterprise\cdi-api\1.0\cdi-api-1.0.jar;C:\Users\Ewen CLEMENT\.m2\repository\javax\annotation\jsr250-api\1.0\jsr250-api-1.0.jar;C:\Users\Ewen CLEMENT\.m2\repository\org\sonatype\sisu\sisu-guice\3.1.0\sisu-guice-3.1.0-no_aop.jar;C:\Users\Ewen CLEMENT\.m2\repository\aopalliance\aopalliance\1.0\aopalliance-1.0.jar;C:\Users\Ewen CLEMENT\.m2\repository\org\eclipse\sisu\org.eclipse.sisu.inject\0.0.0.M5\org.eclipse.sisu.inject-0.0.0.M5.jar;C:\Users\Ewen CLEMENT\.m2\repository\org\apache\maven\shared\maven-shared-utils\3.3.4\maven-shared-utils-3.3.4.jar;C:\Users\Ewen CLEMENT\.m2\repository\org\apache\maven\doxia\doxia-core\1.10\doxia-core-1.10.jar;C:\Users\Ewen CLEMENT\.m2\repository\commons-beanutils\commons-beanutils\1.9.4\commons-beanutils-1.9.4.jar;C:\Users\Ewen CLEMENT\.m2\repository\commons-chain\commons-chain\1.2\commons-chain-1.2.jar;C:\Users\Ewen CLEMENT\.m2\repository\commons-codec\commons-codec\1.15\commons-codec-1.15.jar;C:\Users\Ewen CLEMENT\.m2\repository\commons-collections\commons-collections\3.2.2\commons-collections-3.2.2.jar;C:\Users\Ewen CLEMENT\.m2\repository\commons-digester\commons-digester\2.1\commons-digester-2.1.jar;C:\Users\Ewen CLEMENT\.m2\repository\commons-io\commons-io\2.11.0\commons-io-2.11.0.jar;C:\Users\Ewen CLEMENT\.m2\repository\commons-lang\commons-lang\2.6\commons-lang-2.6.jar;C:\Users\Ewen CLEMENT\.m2\repository\org\apache\commons\commons-lang3\3.12.0\commons-lang3-3.12.0.jar;C:\Users\Ewen CLEMENT\.m2\repository\org\codehaus\plexus\plexus-container-default\2.1.0\plexus-container-default-2.1.0.jar;C:\Users\Ewen CLEMENT\.m2\repository\org\apache\xbean\xbean-reflect\3.7\xbean-reflect-3.7.jar;C:\Users\Ewen CLEMENT\.m2\repository\org\slf4j\slf4j-api\2.0.0-alpha5\slf4j-api-2.0.0-alpha5.jar;C:\Users\Ewen CLEMENT\.m2\repository\org\ow2\asm\asm\9.2\asm-9.2.jar;C:\Users\Ewen CLEMENT\.m2\repository\org\ow2\asm\asm-analysis\9.2\asm-analysis-9.2.jar;C:\Users\Ewen CLEMENT\.m2\repository\org\ow2\asm\asm-commons\9.2\asm-commons-9.2.jar;C:\Users\Ewen CLEMENT\.m2\repository\org\ow2\asm\asm-tree\9.2\asm-tree-9.2.jar;C:\Users\Ewen CLEMENT\.m2\repository\org\ow2\asm\asm-util\9.2\asm-util-9.2.jar;C:\Users\Ewen CLEMENT\.m2\repository\org\apache\maven\plugins\maven-javadoc-plugin\3.3.1\maven-javadoc-plugin-3.3.1.jar;C:\Users\Ewen CLEMENT\.m2\repository\org\apache\maven\maven-settings\3.0\maven-settings-3.0.jar;C:\Users\Ewen CLEMENT\.m2\repository\org\apache\maven\maven-archiver\3.5.1\maven-archiver-3.5.1.jar;C:\Users\Ewen CLEMENT\.m2\repository\org\apache\maven\shared\maven-invoker\3.1.0\maven-invoker-3.1.0.jar;C:\Users\Ewen CLEMENT\.m2\repository\javax\inject\javax.inject\1\javax.inject-1.jar;C:\Users\Ewen CLEMENT\.m2\repository\org\apache\maven\wagon\wagon-provider-api\2.4\wagon-provider-api-2.4.jar;C:\Users\Ewen CLEMENT\.m2\repository\org\apache\commons\commons-text\1.9\commons-text-1.9.jar;C:\Users\Ewen CLEMENT\.m2\repository\org\apache\httpcomponents\httpclient\4.5.13\httpclient-4.5.13.jar;C:\Users\Ewen CLEMENT\.m2\repository\commons-logging\commons-logging\1.2\commons-logging-1.2.jar;C:\Users\Ewen CLEMENT\.m2\repository\org\apache\httpcomponents\httpcore\4.4.14\httpcore-4.4.14.jar;C:\Users\Ewen CLEMENT\.m2\repository\com\thoughtworks\qdox\qdox\2.0.0\qdox-2.0.0.jar;C:\Users\Ewen CLEMENT\.m2\repository\org\codehaus\plexus\plexus-java\1.1.0\plexus-java-1.1.0.jar;C:\Users\Ewen CLEMENT\.m2\repository\org\codehaus\plexus\plexus-archiver\4.2.5\plexus-archiver-4.2.5.jar;C:\Users\Ewen CLEMENT\.m2\repository\org\apache\commons\commons-compress\1.20\commons-compress-1.20.jar;C:\Users\Ewen CLEMENT\.m2\repository\org\iq80\snappy\snappy\0.4\snappy-0.4.jar;C:\Users\Ewen CLEMENT\.m2\repository\org\tukaani\xz\1.9\xz-1.9.jar;C:\Users\Ewen CLEMENT\.m2\repository\org\codehaus\plexus\plexus-io\3.2.0\plexus-io-3.2.0.jar;C:\Users\Ewen CLEMENT\.m2\repository\org\codehaus\plexus\plexus-interactivity-api\1.0\plexus-interactivity-api-1.0.jar;"/>
    <property name="sun.cpu.endian" value="little"/>
    <property name="user.home" value="C:\Users\Ewen CLEMENT"/>
    <property name="user.language" value="fr"/>
    <property name="java.specification.vendor" value="Oracle Corporation"/>
    <property name="java.version.date" value="2021-04-20"/>
    <property name="java.home" value="C:\Program Files\AdoptOpenJDK\jdk-11.0.11.9-hotspot"/>
    <property name="file.separator" value="\"/>
    <property name="basedir" value="C:\Users\Ewen CLEMENT\Documents\MASTER MIAGE\Ingénierie Logiciel (génie logiciel)\Activités Génie Logiciel\Activité 2\activite-deux"/>
    <property name="java.vm.compressedOopsMode" value="Zero based"/>
    <property name="line.separator" value="&#10;"/>
    <property name="java.specification.name" value="Java Platform API Specification"/>
    <property name="java.vm.specification.vendor" value="Oracle Corporation"/>
    <property name="java.awt.graphicsenv" value="sun.awt.Win32GraphicsEnvironment"/>
    <property name="surefire.real.class.path" value="C:\Users\Ewen CLEMENT\AppData\Local\Temp\surefire4394712070572124042\surefirebooter13355561647004528442.jar"/>
    <property name="user.script" value=""/>
    <property name="sun.management.compiler" value="HotSpot 64-Bit Tiered Compilers"/>
    <property name="java.runtime.version" value="11.0.11+9"/>
    <property name="user.name" value="Ewen CLEMENT"/>
    <property name="path.separator" value=";"/>
    <property name="os.version" value="10.0"/>
    <property name="java.runtime.name" value="OpenJDK Runtime Environment"/>
    <property name="file.encoding" value="Cp1252"/>
    <property name="java.vm.name" value="OpenJDK 64-Bit Server VM"/>
    <property name="java.vendor.version" value="AdoptOpenJDK-11.0.11+9"/>
    <property name="localRepository" value="C:\Users\Ewen CLEMENT\.m2\repository"/>
    <property name="java.vendor.url.bug" value="https://github.com/AdoptOpenJDK/openjdk-support/issues"/>
    <property name="java.io.tmpdir" value="C:\Users\Ewen CLEMENT\AppData\Local\Temp\"/>
    <property name="idea.version" value="2021.2"/>
    <property name="java.version" value="11.0.11"/>
    <property name="user.dir" value="C:\Users\Ewen CLEMENT\Documents\MASTER MIAGE\Ingénierie Logiciel (génie logiciel)\Activités Génie Logiciel\Activité 2\activite-deux"/>
    <property name="os.arch" value="amd64"/>
    <property name="java.vm.specification.name" value="Java Virtual Machine Specification"/>
    <property name="java.awt.printerjob" value="sun.awt.windows.WPrinterJob"/>
    <property name="sun.os.patch.level" value=""/>
    <property name="java.library.path" value="C:\Program Files\AdoptOpenJDK\jdk-11.0.11.9-hotspot\bin;C:\WINDOWS\Sun\Java\bin;C:\WINDOWS\system32;C:\WINDOWS;C:\Program Files\AdoptOpenJDK\jdk-11.0.11.9-hotspot\bin;C:\Program Files\Common Files\Oracle\Java\javapath;C:\Program Files (x86)\VMware\VMware Player\bin\;C:\Program Files (x86)\Common Files\Oracle\Java\javapath;C:\Program Files (x86)\Common Files\Intel\Shared Libraries\redist\intel64\compiler;C:\ProgramData\Oracle\Java\javapath;C:\Program Files (x86)\Intel\iCLS Client\;C:\Program Files\Intel\iCLS Client\;C:\Windows\system32;C:\Windows;C:\Windows\System32\Wbem;C:\Windows\System32\WindowsPowerShell\v1.0\;C:\Program Files\Intel\Intel(R) Management Engine Components\DAL;C:\Program Files\Intel\Intel(R) Management Engine Components\IPT;C:\Program Files (x86)\Intel\Intel(R) Management Engine Components\DAL;C:\Program Files (x86)\Intel\Intel(R) Management Engine Components\IPT;C:\Program Files (x86)\Acer\abFiles\;C:\WINDOWS\system32;C:\WINDOWS;C:\WINDOWS\System32\Wbem;C:\WINDOWS\System32\WindowsPowerShell\v1.0\;C:\Program Files (x86)\NVIDIA Corporation\PhysX\Common;C:\WINDOWS\system32;C:\WINDOWS;C:\WINDOWS\System32\Wbem;C:\WINDOWS\System32\WindowsPowerShell\v1.0\;C:\WINDOWS\System32\OpenSSH\;C:\Program Files\Git\cmd;C:\wamp64\bin\php\php7.4.8;C:\wamp64\bin\php\php7.4.6;C:\ProgramData\ComposerSetup\bin;C:\Program Files\Symfony;C:\Android\Sdk\tools;C:\Android\Sdk\build-tools;C:\Android\Sdk\platform-tools;C:\Program Files\Java\jre1.8.0_261\bin;C:\Users\Ewen CLEMENT\.gradle\wrapper\dists\gradle-6.1.1-all\cfmwm155h49vnt3hynmlrsdst\gradle-6.1.1\bin;C:\Program Files (x86)\Yarn\bin\;C:\Program Files\nodejs\;C:\MinGW\bin;C:\sqlite3;C:\Users\Ewen CLEMENT\AppData\Roaming\Python\Python39\Scripts;C:\Program Files\apache-maven-3.8.3\bin;C:\Users\Ewen CLEMENT\AppData\Local\Programs\Python\Python39\Scripts\;C:\Users\Ewen CLEMENT\AppData\Local\Programs\Python\Python39\;C:\Users\Ewen CLEMENT\AppData\Local\Programs\Python\Python38\Scripts\;C:\Users\Ewen CLEMENT\AppData\Local\Programs\Python\Python38\;C:\wamp64\bin\php\php7.4.8;C:\wamp64\bin\php\php7.4.6;C:\Users\Ewen CLEMENT\AppData\Local\Microsoft\WindowsApps;C:\Users\Ewen CLEMENT\AppData\Local\Programs\Microsoft VS Code\bin;C:\Users\Ewen CLEMENT\AppData\Roaming\Composer\vendor\bin;C:\Users\Ewen CLEMENT\AppData\Local\Yarn\bin;C:\Users\Ewen CLEMENT\AppData\Roaming\npm;C:\Program Files\JetBrains\IntelliJ IDEA 2020.3.2\bin;C:\Users\Ewen CLEMENT\AppData\Local\gitkraken\bin;C:\Program Files\swipl\bin;."/>
    <property name="java.vm.info" value="mixed mode"/>
    <property name="java.vendor" value="AdoptOpenJDK"/>
    <property name="java.vm.version" value="11.0.11+9"/>
    <property name="sun.io.unicode.encoding" value="UnicodeLittle"/>
    <property name="java.class.version" value="55.0"/>
  </properties>
  <testcase name="testSomme" classname="org.unc.nc.CalculUtilsTest" time="0"/>
  <testcase name="testMaFonction2" classname="org.unc.nc.CalculUtilsTest" time="0"/>
  <testcase name="testDivisionZero" classname="org.unc.nc.CalculUtilsTest" time="0"/>
  <testcase name="testMaFonction" classname="org.unc.nc.CalculUtilsTest" time="0"/>
  <testcase name="testDivision" classname="org.unc.nc.CalculUtilsTest" time="0"/>
  <testcase name="testSommeFalse" classname="org.unc.nc.CalculUtilsTest" time="0"/>
</testsuite>